This file contains any messages produced by compilers while
running configure, to aid debugging if configure makes a mistake.

It was created by configure, which was
generated by GNU Autoconf 2.64.  Invocation command line was

  $ /Users/devam/Programs/Programming/gdb-7.11/etc/configure --srcdir=.././etc --cache-file=./config.cache --program-transform-name=s,y,y, --disable-option-checking --build=arm-apple-darwin22.3.0 --host=arm-apple-darwin22.3.0 --target=arm-apple-darwin22.3.0

## --------- ##
## Platform. ##
## --------- ##

hostname = Devams-MacBook-Pro.local
uname -m = arm64
uname -r = 22.3.0
uname -s = Darwin
uname -v = Darwin Kernel Version 22.3.0: Thu Jan  5 20:49:43 PST 2023; root:xnu-8792.81.2~2/RELEASE_ARM64_T8103

/usr/bin/uname -p = arm
/bin/uname -X     = unknown

/bin/arch              = unknown
/usr/bin/arch -k       = unknown
/usr/convex/getsysinfo = unknown
/usr/bin/hostinfo      = Mach kernel version:
	 Darwin Kernel Version 22.3.0: Thu Jan  5 20:49:43 PST 2023; root:xnu-8792.81.2~2/RELEASE_ARM64_T8103
Kernel configured for up to 8 processors.
8 processors are physically available.
8 processors are logically available.
Processor type: arm64e (ARM64E)
Processors active: 0 1 2 3 4 5 6 7
Primary memory available: 8.00 gigabytes
Default processor set: 370 tasks, 2061 threads, 8 processors
Load average: 1.94, Mach factor: 6.05
/bin/machine           = unknown
/usr/bin/oslevel       = unknown
/bin/universe          = unknown

PATH: /Users/devam/anaconda3/bin
PATH: /Users/devam/anaconda3/condabin
PATH: /opt/homebrew/bin
PATH: /opt/homebrew/sbin
PATH: /usr/local/bin
PATH: /System/Cryptexes/App/usr/bin
PATH: /usr/bin
PATH: /bin
PATH: /usr/sbin
PATH: /sbin


## ----------- ##
## Core tests. ##
## ----------- ##

configure:1564: loading cache ./config.cache
configure:1683: checking for a BSD-compatible install
configure:1751: result: /opt/homebrew/bin/ginstall -c
configure:1923: creating ./config.status

## ---------------------- ##
## Running config.status. ##
## ---------------------- ##

This file was extended by config.status, which was
generated by GNU Autoconf 2.64.  Invocation command line was

  CONFIG_FILES    = 
  CONFIG_HEADERS  = 
  CONFIG_LINKS    = 
  CONFIG_COMMANDS = 
  $ ./config.status 

on Devams-MacBook-Pro.local

config.status:715: creating Makefile

## ---------------- ##
## Cache variables. ##
## ---------------- ##

ac_cv_env_build_alias_set=set
ac_cv_env_build_alias_value=arm-apple-darwin22.3.0
ac_cv_env_host_alias_set=set
ac_cv_env_host_alias_value=arm-apple-darwin22.3.0
ac_cv_env_target_alias_set=set
ac_cv_env_target_alias_value=arm-apple-darwin22.3.0

## ----------------- ##
## Output variables. ##
## ----------------- ##

DEFS='-DPACKAGE_NAME=\"\" -DPACKAGE_TARNAME=\"\" -DPACKAGE_VERSION=\"\" -DPACKAGE_STRING=\"\" -DPACKAGE_BUGREPORT=\"\" -DPACKAGE_URL=\"\"'
ECHO_C='\c'
ECHO_N=''
ECHO_T=''
INSTALL_DATA='/opt/homebrew/bin/ginstall -c -m 644'
INSTALL_PROGRAM='/opt/homebrew/bin/ginstall -c'
INSTALL_SCRIPT='/opt/homebrew/bin/ginstall -c'
LIBOBJS=''
LIBS=''
LTLIBOBJS=''
MAINT='#'
PACKAGE_BUGREPORT=''
PACKAGE_NAME=''
PACKAGE_STRING=''
PACKAGE_TARNAME=''
PACKAGE_URL=''
PACKAGE_VERSION=''
PATH_SEPARATOR=':'
SHELL='/bin/sh'
bindir='${exec_prefix}/bin'
build_alias='arm-apple-darwin22.3.0'
datadir='${datarootdir}'
datarootdir='${prefix}/share'
docdir='${datarootdir}/doc/${PACKAGE}'
dvidir='${docdir}'
exec_prefix='${prefix}'
host_alias='arm-apple-darwin22.3.0'
htmldir='${docdir}'
includedir='${prefix}/include'
infodir='${datarootdir}/info'
libdir='${exec_prefix}/lib'
libexecdir='${exec_prefix}/libexec'
localedir='${datarootdir}/locale'
localstatedir='${prefix}/var'
mandir='${datarootdir}/man'
oldincludedir='/usr/include'
pdfdir='${docdir}'
prefix='/usr/local'
program_transform_name='s,y,y,'
psdir='${docdir}'
sbindir='${exec_prefix}/sbin'
sharedstatedir='${prefix}/com'
sysconfdir='${prefix}/etc'
target_alias='arm-apple-darwin22.3.0'

## ----------- ##
## confdefs.h. ##
## ----------- ##

/* confdefs.h */
#define PACKAGE_NAME ""
#define PACKAGE_TARNAME ""
#define PACKAGE_VERSION ""
#define PACKAGE_STRING ""
#define PACKAGE_BUGREPORT ""
#define PACKAGE_URL ""

configure: exit 0
