This file contains any messages produced by compilers while
running configure, to aid debugging if configure makes a mistake.

It was created by configure, which was
generated by GNU Autoconf 2.64.  Invocation command line was

  $ /Users/devam/Programs/Programming/gdb-7.11/intl/configure --srcdir=.././intl --cache-file=./config.cache --program-transform-name=s,y,y, --disable-option-checking --build=arm-apple-darwin22.3.0 --host=arm-apple-darwin22.3.0 --target=arm-apple-darwin22.3.0

## --------- ##
## Platform. ##
## --------- ##

hostname = Devams-MacBook-Pro.local
uname -m = arm64
uname -r = 22.3.0
uname -s = Darwin
uname -v = Darwin Kernel Version 22.3.0: Thu Jan  5 20:49:43 PST 2023; root:xnu-8792.81.2~2/RELEASE_ARM64_T8103

/usr/bin/uname -p = arm
/bin/uname -X     = unknown

/bin/arch              = unknown
/usr/bin/arch -k       = unknown
/usr/convex/getsysinfo = unknown
/usr/bin/hostinfo      = Mach kernel version:
	 Darwin Kernel Version 22.3.0: Thu Jan  5 20:49:43 PST 2023; root:xnu-8792.81.2~2/RELEASE_ARM64_T8103
Kernel configured for up to 8 processors.
8 processors are physically available.
8 processors are logically available.
Processor type: arm64e (ARM64E)
Processors active: 0 1 2 3 4 5 6 7
Primary memory available: 8.00 gigabytes
Default processor set: 369 tasks, 2033 threads, 8 processors
Load average: 1.53, Mach factor: 6.45
/bin/machine           = unknown
/usr/bin/oslevel       = unknown
/bin/universe          = unknown

PATH: /Users/devam/anaconda3/bin
PATH: /Users/devam/anaconda3/condabin
PATH: /opt/homebrew/bin
PATH: /opt/homebrew/sbin
PATH: /usr/local/bin
PATH: /System/Cryptexes/App/usr/bin
PATH: /usr/bin
PATH: /bin
PATH: /usr/sbin
PATH: /sbin


## ----------- ##
## Core tests. ##
## ----------- ##

configure:2090: loading cache ./config.cache
configure:2179: checking whether /Library/Developer/CommandLineTools/usr/bin/make sets $(MAKE)
configure:2201: result: yes
configure:2247: checking for a BSD-compatible install
configure:2315: result: /opt/homebrew/bin/ginstall -c
configure:2340: checking whether NLS is requested
configure:2349: result: yes
configure:2387: checking for msgfmt
configure:2418: result: /Users/devam/anaconda3/bin/msgfmt
configure:2427: checking for gmsgfmt
configure:2458: result: /Users/devam/anaconda3/bin/msgfmt
configure:2498: checking for xgettext
configure:2529: result: /Users/devam/anaconda3/bin/xgettext
configure:2569: checking for msgmerge
configure:2599: result: /Users/devam/anaconda3/bin/msgmerge
configure:2642: checking for arm-apple-darwin22.3.0-gcc
configure:2669: result: gcc
configure:2938: checking for C compiler version
configure:2947: gcc --version >&5
Apple clang version 14.0.0 (clang-1400.0.29.202)
Target: arm64-apple-darwin22.3.0
Thread model: posix
InstalledDir: /Library/Developer/CommandLineTools/usr/bin
configure:2958: $? = 0
configure:2947: gcc -v >&5
Apple clang version 14.0.0 (clang-1400.0.29.202)
Target: arm64-apple-darwin22.3.0
Thread model: posix
InstalledDir: /Library/Developer/CommandLineTools/usr/bin
configure:2958: $? = 0
configure:2947: gcc -V >&5
clang: error: argument to '-V' is missing (expected 1 value)
clang: error: no input files
configure:2958: $? = 1
configure:2947: gcc -qversion >&5
clang: error: unknown argument '-qversion'; did you mean '--version'?
clang: error: no input files
configure:2958: $? = 1
configure:2978: checking for C compiler default output file name
configure:3000: gcc -g -O2     conftest.c  >&5
configure:3004: $? = 0
configure:3041: result: a.out
configure:3057: checking whether the C compiler works
configure:3066: ./a.out
configure:3070: $? = 0
configure:3085: result: yes
configure:3092: checking whether we are cross compiling
configure:3094: result: no
configure:3097: checking for suffix of executables
configure:3104: gcc -o conftest -g -O2     conftest.c  >&5
configure:3108: $? = 0
configure:3130: result: 
configure:3136: checking for suffix of object files
configure:3183: result: o
configure:3187: checking whether we are using the GNU C compiler
configure:3215: result: yes
configure:3224: checking whether gcc accepts -g
configure:3285: result: yes
configure:3302: checking for gcc option to accept ISO C89
configure:3379: result: none needed
configure:3403: checking build system type
configure:3417: result: arm-apple-darwin22.3.0
configure:3437: checking host system type
configure:3450: result: arm-apple-darwin22.3.0
configure:3473: checking for arm-apple-darwin22.3.0-ranlib
configure:3500: result: ranlib
configure:3563: checking for library containing strerror
configure:3611: result: none required
configure:3624: checking how to run the C preprocessor
configure:3694: result: gcc -E
configure:3714: gcc -E  conftest.c
configure:3714: $? = 0
configure:3728: gcc -E  conftest.c
conftest.c:9:10: fatal error: 'ac_nonexistent.h' file not found
#include <ac_nonexistent.h>
         ^~~~~~~~~~~~~~~~~~
1 error generated.
configure:3728: $? = 1
configure: failed program was:
| /* confdefs.h */
| #define PACKAGE_NAME ""
| #define PACKAGE_TARNAME ""
| #define PACKAGE_VERSION ""
| #define PACKAGE_STRING ""
| #define PACKAGE_BUGREPORT ""
| #define PACKAGE_URL ""
| /* end confdefs.h.  */
| #include <ac_nonexistent.h>
configure:3757: checking for grep that handles long lines and -e
configure:3815: result: /usr/bin/grep
configure:3820: checking for egrep
configure:3882: result: /usr/bin/grep -E
configure:3887: checking for ANSI C header files
configure:3991: result: yes
configure:3999: checking for an ANSI C-conforming const
configure:4071: result: yes
configure:4079: checking for inline
configure:4103: result: inline
configure:4126: checking for sys/types.h
configure:4126: result: yes
configure:4126: checking for sys/stat.h
configure:4126: result: yes
configure:4126: checking for stdlib.h
configure:4126: result: yes
configure:4126: checking for string.h
configure:4126: result: yes
configure:4126: checking for memory.h
configure:4126: result: yes
configure:4126: checking for strings.h
configure:4126: result: yes
configure:4126: checking for inttypes.h
configure:4126: result: yes
configure:4126: checking for stdint.h
configure:4126: result: yes
configure:4126: checking for unistd.h
configure:4126: result: yes
configure:4139: checking for off_t
configure:4139: result: yes
configure:4150: checking for size_t
configure:4150: result: yes
configure:4163: checking for working alloca.h
configure:4188: result: yes
configure:4196: checking for alloca
configure:4241: result: yes
configure:4354: checking for stdlib.h
configure:4354: result: yes
configure:4354: checking for unistd.h
configure:4354: result: yes
configure:4367: checking for getpagesize
configure:4367: result: yes
configure:4376: checking for working mmap
configure:4523: result: yes
configure:4533: checking whether we are using the GNU C Library 2.1 or newer
configure:4560: result: no
configure:4568: checking whether integer division by zero raises SIGFPE
configure:4636: result: no
configure:4649: checking for inttypes.h
configure:4673: result: yes
configure:4684: checking for stdint.h
configure:4708: result: yes
configure:4719: checking for unsigned long long
configure:4744: result: yes
configure:4772: checking for inttypes.h
configure:4798: result: yes
configure:4811: checking whether the inttypes.h PRIxNN macros are broken
configure:4840: result: no
configure:4891: checking for ld used by GCC
configure:4954: result: /Library/Developer/CommandLineTools/usr/bin/ld
configure:4961: checking if the linker (/Library/Developer/CommandLineTools/usr/bin/ld) is GNU ld
configure:4973: result: no
configure:4979: checking for shared library run path origin
configure:4992: result: done
configure:5398: checking for argz.h
configure:5398: result: no
configure:5398: checking for limits.h
configure:5398: result: yes
configure:5398: checking for locale.h
configure:5398: result: yes
configure:5398: checking for nl_types.h
configure:5398: result: yes
configure:5398: checking for malloc.h
configure:5398: result: no
configure:5398: checking for stddef.h
configure:5398: result: yes
configure:5398: checking for stdlib.h
configure:5398: result: yes
configure:5398: checking for string.h
configure:5398: result: yes
configure:5398: checking for unistd.h
configure:5398: result: yes
configure:5398: checking for sys/param.h
configure:5398: result: yes
configure:5415: checking for feof_unlocked
configure:5415: result: yes
configure:5415: checking for fgets_unlocked
configure:5415: result: no
configure:5415: checking for getc_unlocked
configure:5415: result: yes
configure:5415: checking for getcwd
configure:5415: result: yes
configure:5415: checking for getegid
configure:5415: result: yes
configure:5415: checking for geteuid
configure:5415: result: yes
configure:5415: checking for getgid
configure:5415: result: yes
configure:5415: checking for getuid
configure:5415: result: yes
configure:5415: checking for mempcpy
configure:5415: result: no
configure:5415: checking for munmap
configure:5415: result: yes
configure:5415: checking for putenv
configure:5415: result: yes
configure:5415: checking for setenv
configure:5415: result: yes
configure:5415: checking for setlocale
configure:5415: result: yes
configure:5415: checking for stpcpy
configure:5415: result: yes
configure:5415: checking for strcasecmp
configure:5415: result: yes
configure:5415: checking for strdup
configure:5415: result: yes
configure:5415: checking for strtoul
configure:5415: result: yes
configure:5415: checking for tsearch
configure:5415: result: yes
configure:5415: checking for __argz_count
configure:5415: result: no
configure:5415: checking for __argz_stringify
configure:5415: result: no
configure:5415: checking for __argz_next
configure:5415: result: no
configure:5415: checking for __fsetlocking
configure:5415: result: no
configure:5431: checking for iconv
configure:5529: result: yes
configure:5560: checking how to link with libiconv
configure:5562: result: -liconv
configure:5572: checking for iconv declaration
configure:5612: result: install-shextern size_t iconv (iconv_t cd, char * *inbuf, size_t *inbytesleft, char * *outbuf, size_t *outbytesleft);
configure:5623: checking for nl_langinfo and CODESET
configure:5648: result: yes
configure:5658: checking for LC_MESSAGES
configure:5682: result: yes
configure:5696: checking for bison
configure:5723: result: bison
configure:5737: checking version of bison
configure:5746: result: 2.3, ok
configure:5768: checking whether NLS is requested
configure:5777: result: yes
configure:5793: checking whether included gettext is requested
configure:5803: result: no
configure:5814: checking for GNU gettext in libc
configure:5841: result: no
configure:6224: checking for GNU gettext in libintl
configure:6290: result: no
configure:6335: checking whether to use NLS
configure:6337: result: yes
configure:6340: checking where the gettext function comes from
configure:6351: result: included intl directory
configure:6465: checking for aclocal
configure:6495: result: no
configure:6508: checking for autoconf
configure:6538: result: no
configure:6551: checking for autoheader
configure:6581: result: no
configure:6724: creating ./config.status

## ---------------------- ##
## Running config.status. ##
## ---------------------- ##

This file was extended by config.status, which was
generated by GNU Autoconf 2.64.  Invocation command line was

  CONFIG_FILES    = 
  CONFIG_HEADERS  = 
  CONFIG_LINKS    = 
  CONFIG_COMMANDS = 
  $ ./config.status 

on Devams-MacBook-Pro.local

config.status:905: creating Makefile
config.status:905: creating config.intl
config.status:905: creating config.h
config.status:1071: config.h is unchanged
config.status:1085: executing default-1 commands

## ---------------- ##
## Cache variables. ##
## ---------------- ##

ac_cv_build=arm-apple-darwin22.3.0
ac_cv_c_compiler_gnu=yes
ac_cv_c_const=yes
ac_cv_c_inline=inline
ac_cv_env_CC_set=set
ac_cv_env_CC_value=gcc
ac_cv_env_CFLAGS_set=set
ac_cv_env_CFLAGS_value='-g -O2'
ac_cv_env_CPPFLAGS_set=
ac_cv_env_CPPFLAGS_value=
ac_cv_env_CPP_set=
ac_cv_env_CPP_value=
ac_cv_env_LDFLAGS_set=set
ac_cv_env_LDFLAGS_value='  '
ac_cv_env_LIBS_set=
ac_cv_env_LIBS_value=
ac_cv_env_build_alias_set=set
ac_cv_env_build_alias_value=arm-apple-darwin22.3.0
ac_cv_env_host_alias_set=set
ac_cv_env_host_alias_value=arm-apple-darwin22.3.0
ac_cv_env_target_alias_set=set
ac_cv_env_target_alias_value=arm-apple-darwin22.3.0
ac_cv_func___argz_count=no
ac_cv_func___argz_next=no
ac_cv_func___argz_stringify=no
ac_cv_func___fsetlocking=no
ac_cv_func_alloca_works=yes
ac_cv_func_feof_unlocked=yes
ac_cv_func_fgets_unlocked=no
ac_cv_func_getc_unlocked=yes
ac_cv_func_getcwd=yes
ac_cv_func_getegid=yes
ac_cv_func_geteuid=yes
ac_cv_func_getgid=yes
ac_cv_func_getpagesize=yes
ac_cv_func_getuid=yes
ac_cv_func_mempcpy=no
ac_cv_func_mmap_fixed_mapped=yes
ac_cv_func_munmap=yes
ac_cv_func_putenv=yes
ac_cv_func_setenv=yes
ac_cv_func_setlocale=yes
ac_cv_func_stpcpy=yes
ac_cv_func_strcasecmp=yes
ac_cv_func_strdup=yes
ac_cv_func_strtoul=yes
ac_cv_func_tsearch=yes
ac_cv_gnu_library_2_1=no
ac_cv_header_argz_h=no
ac_cv_header_inttypes_h=yes
ac_cv_header_limits_h=yes
ac_cv_header_locale_h=yes
ac_cv_header_malloc_h=no
ac_cv_header_memory_h=yes
ac_cv_header_nl_types_h=yes
ac_cv_header_stdc=yes
ac_cv_header_stddef_h=yes
ac_cv_header_stdint_h=yes
ac_cv_header_stdlib_h=yes
ac_cv_header_string_h=yes
ac_cv_header_strings_h=yes
ac_cv_header_sys_param_h=yes
ac_cv_header_sys_stat_h=yes
ac_cv_header_sys_types_h=yes
ac_cv_header_unistd_h=yes
ac_cv_host=arm-apple-darwin22.3.0
ac_cv_objext=o
ac_cv_path_EGREP='/usr/bin/grep -E'
ac_cv_path_GMSGFMT=/Users/devam/anaconda3/bin/msgfmt
ac_cv_path_GREP=/usr/bin/grep
ac_cv_path_MSGFMT=/Users/devam/anaconda3/bin/msgfmt
ac_cv_path_MSGMERGE=/Users/devam/anaconda3/bin/msgmerge
ac_cv_path_XGETTEXT=/Users/devam/anaconda3/bin/xgettext
ac_cv_prog_CC=gcc
ac_cv_prog_CPP='gcc -E'
ac_cv_prog_INTLBISON=bison
ac_cv_prog_RANLIB=ranlib
ac_cv_prog_cc_c89=
ac_cv_prog_cc_g=yes
ac_cv_prog_make__Library_Developer_CommandLineTools_usr_bin_make_set=yes
ac_cv_search_strerror='none required'
ac_cv_type_off_t=yes
ac_cv_type_size_t=yes
ac_cv_type_unsigned_long_long=yes
ac_cv_working_alloca_h=yes
acl_cv_hardcode_direct=no
acl_cv_hardcode_libdir_flag_spec=
acl_cv_hardcode_libdir_separator=
acl_cv_hardcode_minus_L=no
acl_cv_libext=a
acl_cv_path_LD=/Library/Developer/CommandLineTools/usr/bin/ld
acl_cv_prog_gnu_ld=no
acl_cv_rpath=done
acl_cv_shlibext=dylib
acl_cv_wl=-Wl,
am_cv_func_iconv=yes
am_cv_langinfo_codeset=yes
am_cv_lib_iconv=yes
am_cv_proto_iconv='extern size_t iconv (iconv_t cd, char * *inbuf, size_t *inbytesleft, char * *outbuf, size_t *outbytesleft);'
am_cv_proto_iconv_arg1=
am_cv_val_LC_MESSAGES=yes
gt_cv_func_gnugettext1_libc=no
gt_cv_func_gnugettext1_libintl=no
gt_cv_header_inttypes_h=yes
gt_cv_int_divbyzero_sigfpe=no
gt_cv_inttypes_pri_broken=no
jm_ac_cv_header_inttypes_h=yes
jm_ac_cv_header_stdint_h=yes
nls_cv_force_use_gnu_gettext=no
nls_cv_header_intl=
nls_cv_header_libgt=
nls_cv_use_gnu_gettext=yes

## ----------------- ##
## Output variables. ##
## ----------------- ##

ACLOCAL='/Users/devam/Programs/Programming/gdb-7.11/missing aclocal'
ALLOCA=''
AUTOCONF='/Users/devam/Programs/Programming/gdb-7.11/missing autoconf'
AUTOHEADER='/Users/devam/Programs/Programming/gdb-7.11/missing autoheader'
BUILD_INCLUDED_LIBINTL='yes'
CATOBJEXT='.gmo'
CC='gcc'
CFLAGS='-g -O2'
CPP='gcc -E'
CPPFLAGS=''
DATADIRNAME='share'
DEFS='-DHAVE_CONFIG_H'
ECHO_C='\c'
ECHO_N=''
ECHO_T=''
EGREP='/usr/bin/grep -E'
EXEEXT=''
GENCAT='gencat'
GLIBC21='no'
GMSGFMT='/Users/devam/anaconda3/bin/msgfmt'
GREP='/usr/bin/grep'
INCINTL='-I${top_builddir}/../intl'
INSTALL_DATA='/opt/homebrew/bin/ginstall -c -m 644'
INSTALL_PROGRAM='/opt/homebrew/bin/ginstall -c'
INSTALL_SCRIPT='/opt/homebrew/bin/ginstall -c'
INSTOBJEXT='.mo'
INTLBISON='bison'
INTLLIBS='${top_builddir}/intl/libintl.a -liconv'
INTLOBJS='$(GETTOBJS)'
INTL_LIBTOOL_SUFFIX_PREFIX=''
LDFLAGS='  '
LIBICONV='-liconv'
LIBINTL='${top_builddir}/../intl/libintl.a -liconv'
LIBINTL_DEP='${top_builddir}/../intl/libintl.a'
LIBOBJS=''
LIBS=''
LTLIBICONV='-liconv'
LTLIBINTL='${top_builddir}/../intl/libintl.a -liconv'
LTLIBOBJS=''
MAINT='#'
MKINSTALLDIRS='$(top_builddir)/./../mkinstalldirs'
MSGFMT='/Users/devam/anaconda3/bin/msgfmt'
MSGMERGE='/Users/devam/anaconda3/bin/msgmerge'
OBJEXT='o'
PACKAGE_BUGREPORT=''
PACKAGE_NAME=''
PACKAGE_STRING=''
PACKAGE_TARNAME=''
PACKAGE_URL=''
PACKAGE_VERSION=''
PATH_SEPARATOR=':'
POSUB='po'
RANLIB='ranlib'
SET_MAKE=''
SHELL='/bin/sh'
USE_INCLUDED_LIBINTL='yes'
USE_NLS='yes'
XGETTEXT='/Users/devam/anaconda3/bin/xgettext'
ac_ct_CC=''
bindir='${exec_prefix}/bin'
build='arm-apple-darwin22.3.0'
build_alias='arm-apple-darwin22.3.0'
build_cpu='arm'
build_os='darwin22.3.0'
build_vendor='apple'
datadir='${datarootdir}'
datarootdir='${prefix}/share'
docdir='${datarootdir}/doc/${PACKAGE}'
dvidir='${docdir}'
exec_prefix='${prefix}'
host='arm-apple-darwin22.3.0'
host_alias='arm-apple-darwin22.3.0'
host_cpu='arm'
host_os='darwin22.3.0'
host_vendor='apple'
htmldir='${docdir}'
includedir='${prefix}/include'
infodir='${datarootdir}/info'
libdir='${exec_prefix}/lib'
libexecdir='${exec_prefix}/libexec'
localedir='${datarootdir}/locale'
localstatedir='${prefix}/var'
mandir='${datarootdir}/man'
oldincludedir='/usr/include'
pdfdir='${docdir}'
prefix='/usr/local'
program_transform_name='s,y,y,'
psdir='${docdir}'
sbindir='${exec_prefix}/sbin'
sharedstatedir='${prefix}/com'
sysconfdir='${prefix}/etc'
target_alias='arm-apple-darwin22.3.0'

## ----------- ##
## confdefs.h. ##
## ----------- ##

/* confdefs.h */
#define PACKAGE_NAME ""
#define PACKAGE_TARNAME ""
#define PACKAGE_VERSION ""
#define PACKAGE_STRING ""
#define PACKAGE_BUGREPORT ""
#define PACKAGE_URL ""
#define STDC_HEADERS 1
#define HAVE_SYS_TYPES_H 1
#define HAVE_SYS_STAT_H 1
#define HAVE_STDLIB_H 1
#define HAVE_STRING_H 1
#define HAVE_MEMORY_H 1
#define HAVE_STRINGS_H 1
#define HAVE_INTTYPES_H 1
#define HAVE_STDINT_H 1
#define HAVE_UNISTD_H 1
#define HAVE_ALLOCA_H 1
#define HAVE_ALLOCA 1
#define HAVE_STDLIB_H 1
#define HAVE_UNISTD_H 1
#define HAVE_GETPAGESIZE 1
#define HAVE_MMAP 1
#define INTDIV0_RAISES_SIGFPE 0
#define HAVE_INTTYPES_H_WITH_UINTMAX 1
#define HAVE_STDINT_H_WITH_UINTMAX 1
#define HAVE_UNSIGNED_LONG_LONG 1
#define HAVE_UINTMAX_T 1
#define HAVE_INTTYPES_H 1
#define HAVE_LIMITS_H 1
#define HAVE_LOCALE_H 1
#define HAVE_NL_TYPES_H 1
#define HAVE_STDDEF_H 1
#define HAVE_STDLIB_H 1
#define HAVE_STRING_H 1
#define HAVE_UNISTD_H 1
#define HAVE_SYS_PARAM_H 1
#define HAVE_FEOF_UNLOCKED 1
#define HAVE_GETC_UNLOCKED 1
#define HAVE_GETCWD 1
#define HAVE_GETEGID 1
#define HAVE_GETEUID 1
#define HAVE_GETGID 1
#define HAVE_GETUID 1
#define HAVE_MUNMAP 1
#define HAVE_PUTENV 1
#define HAVE_SETENV 1
#define HAVE_SETLOCALE 1
#define HAVE_STPCPY 1
#define HAVE_STRCASECMP 1
#define HAVE_STRDUP 1
#define HAVE_STRTOUL 1
#define HAVE_TSEARCH 1
#define HAVE_ICONV 1
#define ICONV_CONST 
#define HAVE_LANGINFO_CODESET 1
#define HAVE_LC_MESSAGES 1
#define ENABLE_NLS 1
#define IN_LIBINTL 1
#define IN_LIBRARY 1
#define DEPENDS_ON_LIBICONV 1
#define ENABLE_RELOCATABLE 1
#define NO_XMALLOC 1
#define set_relocation_prefix libintl_set_relocation_prefix
#define relocate libintl_relocate

configure: exit 0

## ---------------------- ##
## Running config.status. ##
## ---------------------- ##

This file was extended by config.status, which was
generated by GNU Autoconf 2.64.  Invocation command line was

  CONFIG_FILES    = 
  CONFIG_HEADERS  = 
  CONFIG_LINKS    = 
  CONFIG_COMMANDS = 
  $ ./config.status config.h

on Devams-MacBook-Pro.local

config.status:905: creating config.h
config.status:1071: config.h is unchanged
